Using pre-set license
Built from '2020.3/staging' branch; Version is '2020.3.11f1 (99c7afb366b3) revision 10078127'; Using compiler version '192528614'; Build Type 'Release'
OS: 'Windows 10 Enterprise; OS build 18363.1621; Version 1909; 64bit' Language: 'en' Physical Memory: 16332 MB
BatchMode: 1, IsHumanControllingUs: 0, StartBugReporterOnCrash: 0, Is64bit: 1, IsPro: 0

 COMMAND LINE ARGUMENTS:
C:\Program Files\Unity\Hub\Editor\2020.3.11f1\Editor\Unity.exe
-adb2
-batchMode
-noUpm
-name
AssetImportWorker0
-projectPath
E:/GMTK2021/GTMK-2021
-logFile
Logs/AssetImportWorker0.log
-srvPort
64831
Successfully changed project path to: E:/GMTK2021/GTMK-2021
E:/GMTK2021/GTMK-2021
Using Asset Import Pipeline V2.
Refreshing native plugins compatible for Editor in 48.18 ms, found 3 plugins.
Preloading 0 native plugins for Editor in 0.00 ms.
Initialize engine version: 2020.3.11f1 (99c7afb366b3)
[Subsystems] Discovering subsystems at path C:/Program Files/Unity/Hub/Editor/2020.3.11f1/Editor/Data/Resources/UnitySubsystems
[Subsystems] Discovering subsystems at path E:/GMTK2021/GTMK-2021/Assets
GfxDevice: creating device client; threaded=0
Direct3D:
    Version:  Direct3D 11.0 [level 11.1]
    Renderer: NVIDIA GeForce GTX 970 (ID=0x13c2)
    Vendor:   
    VRAM:     4043 MB
    Driver:   27.21.14.6647
Initialize mono
Mono path[0] = 'C:/Program Files/Unity/Hub/Editor/2020.3.11f1/Editor/Data/Managed'
Mono path[1] = 'C:/Program Files/Unity/Hub/Editor/2020.3.11f1/Editor/Data/MonoBleedingEdge/lib/mono/unityjit'
Mono config path = 'C:/Program Files/Unity/Hub/Editor/2020.3.11f1/Editor/Data/MonoBleedingEdge/etc'
Using monoOptions --debugger-agent=transport=dt_socket,embedding=1,server=y,suspend=n,address=127.0.0.1:56756
Begin MonoManager ReloadAssembly
Registering precompiled unity dll's ...
Register platform support module: C:/Program Files/Unity/Hub/Editor/2020.3.11f1/Editor/Data/PlaybackEngines/WindowsStandaloneSupport/UnityEditor.WindowsStandalone.Extensions.dll
Registered in 0.003049 seconds.
Native extension for WindowsStandalone target not found
Refreshing native plugins compatible for Editor in 47.11 ms, found 3 plugins.
Preloading 0 native plugins for Editor in 0.00 ms.
Mono: successfully reloaded assembly
- Completed reload, in  1.167 seconds
Platform modules already initialized, skipping
Registering precompiled user dll's ...
Registered in 0.003565 seconds.
Begin MonoManager ReloadAssembly
Native extension for WindowsStandalone target not found
Refreshing native plugins compatible for Editor in 45.88 ms, found 3 plugins.
Preloading 0 native plugins for Editor in 0.00 ms.
Mono: successfully reloaded assembly
- Completed reload, in  1.266 seconds
Platform modules already initialized, skipping
========================================================================
Worker process is ready to serve import requests
Launched and connected shader compiler UnityShaderCompiler.exe after 0.05 seconds
Refreshing native plugins compatible for Editor in 0.74 ms, found 3 plugins.
Preloading 0 native plugins for Editor in 0.00 ms.
Unloading 2085 Unused Serialized files (Serialized files now loaded: 0)
System memory in use before: 93.5 MB.
System memory in use after: 93.6 MB.

Unloading 28 unused Assets to reduce memory usage. Loaded Objects now: 2529.
Total: 4.635600 ms (FindLiveObjects: 0.447500 ms CreateObjectMapping: 0.068100 ms MarkObjects: 3.997000 ms  DeleteObjects: 0.120900 ms)

========================================================================
Received Import Request.
  path: Assets/Particle.mat
  artifactKey: Guid(91cfc45b7baa12a42b847d792f38c950) Importer(815301076,1909f56bfc062723c751e8b465ee728b)
Start importing Assets/Particle.mat using Guid(91cfc45b7baa12a42b847d792f38c950) Importer(815301076,1909f56bfc062723c751e8b465ee728b)  -> (artifact id: 'e10bf377aee6563626a919726be8a46a') in 0.131867 seconds
  Import took 0.136229 seconds .

========================================================================
Received Import Request.
  Time since last request: 4.860609 seconds.
  path: Assets/Sounds
  artifactKey: Guid(6c40a998e5dfb664baf523b3f2547dee) Importer(815301076,1909f56bfc062723c751e8b465ee728b)
Start importing Assets/Sounds using Guid(6c40a998e5dfb664baf523b3f2547dee) Importer(815301076,1909f56bfc062723c751e8b465ee728b)  -> (artifact id: 'f33de7aac21d20d73b51403d856162bc') in 0.011018 seconds
  Import took 0.014703 seconds .

========================================================================
Received Import Request.
  Time since last request: 0.003083 seconds.
  path: Assets/Sounds
  artifactKey: Guid(6c40a998e5dfb664baf523b3f2547dee) Importer(815301076,1909f56bfc062723c751e8b465ee728b)
Start importing Assets/Sounds using Guid(6c40a998e5dfb664baf523b3f2547dee) Importer(815301076,1909f56bfc062723c751e8b465ee728b)  -> (artifact id: 'f33de7aac21d20d73b51403d856162bc') in 0.002069 seconds
  Import took 0.005948 seconds .

========================================================================
Received Import Request.
  Time since last request: 0.039685 seconds.
  path: Assets/Sounds/bright.mp3
  artifactKey: Guid(a34136f5d4282d94683c15496219ffc0) Importer(815301076,1909f56bfc062723c751e8b465ee728b)
Start importing Assets/Sounds/bright.mp3 using Guid(a34136f5d4282d94683c15496219ffc0) Importer(815301076,1909f56bfc062723c751e8b465ee728b)  -> (artifact id: '01dc6a0e5c24013557e5e4c352e47e81') in 0.029509 seconds
  Import took 0.033456 seconds .

========================================================================
Received Import Request.
  Time since last request: 0.000167 seconds.
  path: Assets/Sounds/dark.mp3
  artifactKey: Guid(6d6230bbf6b43024189f2f8fc753c5d8) Importer(815301076,1909f56bfc062723c751e8b465ee728b)
Start importing Assets/Sounds/dark.mp3 using Guid(6d6230bbf6b43024189f2f8fc753c5d8) Importer(815301076,1909f56bfc062723c751e8b465ee728b)  -> (artifact id: '43b915bb83f373f168a099ae63820057') in 0.014409 seconds
  Import took 0.017837 seconds .

========================================================================
Received Import Request.
  Time since last request: 27.574475 seconds.
  path: Assets/Sounds/bright.mp3
  artifactKey: Guid(a34136f5d4282d94683c15496219ffc0) Importer(815301076,1909f56bfc062723c751e8b465ee728b)
Start importing Assets/Sounds/bright.mp3 using Guid(a34136f5d4282d94683c15496219ffc0) Importer(815301076,1909f56bfc062723c751e8b465ee728b)  -> (artifact id: '0e0ceb67cde661817490e7fe4a13a73f') in 0.013850 seconds
  Import took 0.017390 seconds .

========================================================================
Received Import Request.
  Time since last request: 0.000207 seconds.
  path: Assets/Sounds/dark.mp3
  artifactKey: Guid(6d6230bbf6b43024189f2f8fc753c5d8) Importer(815301076,1909f56bfc062723c751e8b465ee728b)
Start importing Assets/Sounds/dark.mp3 using Guid(6d6230bbf6b43024189f2f8fc753c5d8) Importer(815301076,1909f56bfc062723c751e8b465ee728b)  -> (artifact id: 'aa9bbf447a5d5af08bbdcb23ed0c770d') in 0.013027 seconds
  Import took 0.016444 seconds .

========================================================================
Received Import Request.
  Time since last request: 147.219246 seconds.
  path: Assets/Scripts/GameManager.cs
  artifactKey: Guid(e1ebc0907c79c844b905de2374fdd08c) Importer(815301076,1909f56bfc062723c751e8b465ee728b)
Start importing Assets/Scripts/GameManager.cs using Guid(e1ebc0907c79c844b905de2374fdd08c) Importer(815301076,1909f56bfc062723c751e8b465ee728b)  -> (artifact id: 'ffa09ea245c5c3f5c54411940eeba767') in 0.010452 seconds
  Import took 0.014430 seconds .

========================================================================
Received Import Request.
  Time since last request: 0.028070 seconds.
  path: Assets/Scripts/GameManager.cs
  artifactKey: Guid(e1ebc0907c79c844b905de2374fdd08c) Importer(815301076,1909f56bfc062723c751e8b465ee728b)
Start importing Assets/Scripts/GameManager.cs using Guid(e1ebc0907c79c844b905de2374fdd08c) Importer(815301076,1909f56bfc062723c751e8b465ee728b)  -> (artifact id: 'ffa09ea245c5c3f5c54411940eeba767') in 0.002874 seconds
  Import took 0.007129 seconds .

========================================================================
Received Prepare
Registering precompiled user dll's ...
Registered in 0.004131 seconds.
Begin MonoManager ReloadAssembly
Native extension for WindowsStandalone target not found
Refreshing native plugins compatible for Editor in 0.64 ms, found 3 plugins.
Preloading 0 native plugins for Editor in 0.00 ms.
Mono: successfully reloaded assembly
- Completed reload, in  1.342 seconds
Platform modules already initialized, skipping
Refreshing native plugins compatible for Editor in 0.49 ms, found 3 plugins.
Preloading 0 native plugins for Editor in 0.00 ms.
Unloading 2076 Unused Serialized files (Serialized files now loaded: 0)
System memory in use before: 96.3 MB.
System memory in use after: 96.4 MB.

Unloading 17 unused Assets to reduce memory usage. Loaded Objects now: 2574.
Total: 2.765200 ms (FindLiveObjects: 0.257000 ms CreateObjectMapping: 0.050400 ms MarkObjects: 2.430500 ms  DeleteObjects: 0.025800 ms)

========================================================================
Received Import Request.
  Time since last request: 119.390417 seconds.
  path: Assets/Scripts/GameStateManager.cs
  artifactKey: Guid(b167e04d28bd51a48a25559cfc34e65d) Importer(815301076,1909f56bfc062723c751e8b465ee728b)
Start importing Assets/Scripts/GameStateManager.cs using Guid(b167e04d28bd51a48a25559cfc34e65d) Importer(815301076,1909f56bfc062723c751e8b465ee728b)  -> (artifact id: 'ae22c898408b3da1b7d5ec19d0624930') in 0.061657 seconds
  Import took 0.065035 seconds .

========================================================================
Received Import Request.
  Time since last request: 551.751153 seconds.
  path: Assets/Scripts/GameManager.cs
  artifactKey: Guid(e1ebc0907c79c844b905de2374fdd08c) Importer(815301076,1909f56bfc062723c751e8b465ee728b)
Start importing Assets/Scripts/GameManager.cs using Guid(e1ebc0907c79c844b905de2374fdd08c) Importer(815301076,1909f56bfc062723c751e8b465ee728b)  -> (artifact id: 'b2b280c98d86ffe3603b30a1c9ef3055') in 0.002633 seconds
  Import took 0.006526 seconds .

========================================================================
Received Import Request.
  Time since last request: 0.000829 seconds.
  path: Assets/Scripts/GameManager.cs
  artifactKey: Guid(e1ebc0907c79c844b905de2374fdd08c) Importer(815301076,1909f56bfc062723c751e8b465ee728b)
Start importing Assets/Scripts/GameManager.cs using Guid(e1ebc0907c79c844b905de2374fdd08c) Importer(815301076,1909f56bfc062723c751e8b465ee728b)  -> (artifact id: 'b2b280c98d86ffe3603b30a1c9ef3055') in 0.002304 seconds
  Import took 0.006268 seconds .

========================================================================
Received Import Request.
  Time since last request: 110.108805 seconds.
  path: Assets/Scripts/PhoneScript.cs
  artifactKey: Guid(ffac3b99edd143043a7cc6f9cbee7fa3) Importer(815301076,1909f56bfc062723c751e8b465ee728b)
Start importing Assets/Scripts/PhoneScript.cs using Guid(ffac3b99edd143043a7cc6f9cbee7fa3) Importer(815301076,1909f56bfc062723c751e8b465ee728b)  -> (artifact id: '780727c62b442d21a8d46e3e4245be7e') in 0.008541 seconds
  Import took 0.012808 seconds .

========================================================================
Received Import Request.
  Time since last request: 0.627465 seconds.
  path: Assets/Scripts/PlayerMovement.cs
  artifactKey: Guid(4a05d1172c420ee48948099501ce304d) Importer(815301076,1909f56bfc062723c751e8b465ee728b)
Start importing Assets/Scripts/PlayerMovement.cs using Guid(4a05d1172c420ee48948099501ce304d) Importer(815301076,1909f56bfc062723c751e8b465ee728b)  -> (artifact id: 'b4c63dd1d3b08b988c726be2d52eb378') in 0.009295 seconds
  Import took 0.012924 seconds .

========================================================================
Received Import Request.
  Time since last request: 0.420736 seconds.
  path: Assets/Scripts/TextManager.cs
  artifactKey: Guid(8064b198fdb7ac741ba5a159ff81d536) Importer(815301076,1909f56bfc062723c751e8b465ee728b)
Start importing Assets/Scripts/TextManager.cs using Guid(8064b198fdb7ac741ba5a159ff81d536) Importer(815301076,1909f56bfc062723c751e8b465ee728b)  -> (artifact id: '27c2dbc65e54904677bf146c83470bae') in 0.008845 seconds
  Import took 0.013527 seconds .

========================================================================
Received Prepare
Registering precompiled user dll's ...
Registered in 0.004029 seconds.
Begin MonoManager ReloadAssembly
Native extension for WindowsStandalone target not found
Refreshing native plugins compatible for Editor in 0.77 ms, found 3 plugins.
Preloading 0 native plugins for Editor in 0.00 ms.
Mono: successfully reloaded assembly
- Completed reload, in  1.219 seconds
Platform modules already initialized, skipping
Refreshing native plugins compatible for Editor in 0.49 ms, found 3 plugins.
Preloading 0 native plugins for Editor in 0.00 ms.
Unloading 2076 Unused Serialized files (Serialized files now loaded: 0)
System memory in use before: 96.4 MB.
System memory in use after: 96.5 MB.

Unloading 17 unused Assets to reduce memory usage. Loaded Objects now: 2577.
Total: 2.823700 ms (FindLiveObjects: 0.240700 ms CreateObjectMapping: 0.049400 ms MarkObjects: 2.509400 ms  DeleteObjects: 0.022200 ms)

========================================================================
Received Import Request.
  Time since last request: 152.427772 seconds.
  path: Assets/Scripts/GameManager.cs
  artifactKey: Guid(e1ebc0907c79c844b905de2374fdd08c) Importer(815301076,1909f56bfc062723c751e8b465ee728b)
Start importing Assets/Scripts/GameManager.cs using Guid(e1ebc0907c79c844b905de2374fdd08c) Importer(815301076,1909f56bfc062723c751e8b465ee728b)  -> (artifact id: 'cc7b07d81bde67e8cf1a563b180161db') in 0.006682 seconds
  Import took 0.009993 seconds .

========================================================================
Received Import Request.
  Time since last request: 317.007073 seconds.
  path: Assets/Prefabs/Text_mind.prefab
  artifactKey: Guid(e3dfd65400966ba4087dab2461a8dc2e) Importer(815301076,1909f56bfc062723c751e8b465ee728b)
Start importing Assets/Prefabs/Text_mind.prefab using Guid(e3dfd65400966ba4087dab2461a8dc2e) Importer(815301076,1909f56bfc062723c751e8b465ee728b)  -> (artifact id: 'eefd4fdbda3991a8ed557720119195a2') in 0.044978 seconds
  Import took 0.049682 seconds .

========================================================================
Received Import Request.
  Time since last request: 0.000250 seconds.
  path: Assets/Prefabs/Text_reg.prefab
  artifactKey: Guid(1d609ac5d90f03c43811f700ad3d0efa) Importer(815301076,1909f56bfc062723c751e8b465ee728b)
Start importing Assets/Prefabs/Text_reg.prefab using Guid(1d609ac5d90f03c43811f700ad3d0efa) Importer(815301076,1909f56bfc062723c751e8b465ee728b)  -> (artifact id: 'a31cffc2fec44ae4e592ec5b45014c3b') in 0.010258 seconds
  Import took 0.014885 seconds .

========================================================================
Received Import Request.
  Time since last request: 0.848455 seconds.
  path: Assets/Prefabs
  artifactKey: Guid(5c7f322bd1c296040b7fa61711073a0c) Importer(815301076,1909f56bfc062723c751e8b465ee728b)
Start importing Assets/Prefabs using Guid(5c7f322bd1c296040b7fa61711073a0c) Importer(815301076,1909f56bfc062723c751e8b465ee728b)  -> (artifact id: 'fb180eb9c4906342fff7672406e30868') in 0.008550 seconds
  Import took 0.013046 seconds .

========================================================================
Received Import Request.
  Time since last request: 0.000401 seconds.
  path: Assets/Prefabs
  artifactKey: Guid(5c7f322bd1c296040b7fa61711073a0c) Importer(815301076,1909f56bfc062723c751e8b465ee728b)
Start importing Assets/Prefabs using Guid(5c7f322bd1c296040b7fa61711073a0c) Importer(815301076,1909f56bfc062723c751e8b465ee728b)  -> (artifact id: 'fb180eb9c4906342fff7672406e30868') in 0.002030 seconds
  Import took 0.005601 seconds .

========================================================================
Received Import Request.
  Time since last request: 18.133597 seconds.
  path: Assets/Prefabs/Brigh.prefab
  artifactKey: Guid(f3e16bc3a4a754a41bf3a0face3225ff) Importer(815301076,1909f56bfc062723c751e8b465ee728b)
Start importing Assets/Prefabs/Brigh.prefab using Guid(f3e16bc3a4a754a41bf3a0face3225ff) Importer(815301076,1909f56bfc062723c751e8b465ee728b)  -> (artifact id: '97491dc0b2a2e76ce113cddb054bc38a') in 0.009404 seconds
  Import took 0.013191 seconds .

========================================================================
Received Import Request.
  Time since last request: 0.003077 seconds.
  path: Assets/Prefabs/Brigh.prefab
  artifactKey: Guid(f3e16bc3a4a754a41bf3a0face3225ff) Importer(815301076,1909f56bfc062723c751e8b465ee728b)
Start importing Assets/Prefabs/Brigh.prefab using Guid(f3e16bc3a4a754a41bf3a0face3225ff) Importer(815301076,1909f56bfc062723c751e8b465ee728b)  -> (artifact id: '97491dc0b2a2e76ce113cddb054bc38a') in 0.004181 seconds
  Import took 0.008208 seconds .

========================================================================
Received Import Request.
  Time since last request: 4.728525 seconds.
  path: Assets/Prefabs/BrightTheme.prefab
  artifactKey: Guid(197d83df72957ad459bc781f05e7bc97) Importer(815301076,1909f56bfc062723c751e8b465ee728b)
Start importing Assets/Prefabs/BrightTheme.prefab using Guid(197d83df72957ad459bc781f05e7bc97) Importer(815301076,1909f56bfc062723c751e8b465ee728b)  -> (artifact id: 'e88635986100f8e818ed27398799b511') in 0.008875 seconds
  Import took 0.012349 seconds .

========================================================================
Received Import Request.
  Time since last request: 0.006010 seconds.
  path: Assets/Prefabs/BrightTheme.prefab
  artifactKey: Guid(197d83df72957ad459bc781f05e7bc97) Importer(815301076,1909f56bfc062723c751e8b465ee728b)
Start importing Assets/Prefabs/BrightTheme.prefab using Guid(197d83df72957ad459bc781f05e7bc97) Importer(815301076,1909f56bfc062723c751e8b465ee728b)  -> (artifact id: 'e88635986100f8e818ed27398799b511') in 0.004194 seconds
  Import took 0.009928 seconds .

========================================================================
Received Import Request.
  Time since last request: 2.319387 seconds.
  path: Assets/Prefabs/DarkTheme.prefab
  artifactKey: Guid(f0f561241f011ea49b126d5da6b0a6ee) Importer(815301076,1909f56bfc062723c751e8b465ee728b)
Start importing Assets/Prefabs/DarkTheme.prefab using Guid(f0f561241f011ea49b126d5da6b0a6ee) Importer(815301076,1909f56bfc062723c751e8b465ee728b)  -> (artifact id: '362e840bc5c34117883fde90346dcad8') in 0.009373 seconds
  Import took 0.012804 seconds .

========================================================================
Received Import Request.
  Time since last request: 0.006787 seconds.
  path: Assets/Prefabs/DarkTheme.prefab
  artifactKey: Guid(f0f561241f011ea49b126d5da6b0a6ee) Importer(815301076,1909f56bfc062723c751e8b465ee728b)
Start importing Assets/Prefabs/DarkTheme.prefab using Guid(f0f561241f011ea49b126d5da6b0a6ee) Importer(815301076,1909f56bfc062723c751e8b465ee728b)  -> (artifact id: '362e840bc5c34117883fde90346dcad8') in 0.004208 seconds
  Import took 0.008005 seconds .

========================================================================
Received Import Request.
  Time since last request: 16.426678 seconds.
  path: Assets/Prefabs/Music.prefab
  artifactKey: Guid(0e91815651af8824aa0e2328eedf5ac7) Importer(815301076,1909f56bfc062723c751e8b465ee728b)
Start importing Assets/Prefabs/Music.prefab using Guid(0e91815651af8824aa0e2328eedf5ac7) Importer(815301076,1909f56bfc062723c751e8b465ee728b)  -> (artifact id: '496625f9462f9a69ade6e614b1b1f949') in 0.009044 seconds
  Import took 0.012807 seconds .

========================================================================
Received Import Request.
  Time since last request: 0.001816 seconds.
  path: Assets/Prefabs/Music.prefab
  artifactKey: Guid(0e91815651af8824aa0e2328eedf5ac7) Importer(815301076,1909f56bfc062723c751e8b465ee728b)
Start importing Assets/Prefabs/Music.prefab using Guid(0e91815651af8824aa0e2328eedf5ac7) Importer(815301076,1909f56bfc062723c751e8b465ee728b)  -> (artifact id: '496625f9462f9a69ade6e614b1b1f949') in 0.004328 seconds
  Import took 0.008701 seconds .

========================================================================
Received Import Request.
  Time since last request: 10.920419 seconds.
  path: Assets/Scripts/GameManager.cs
  artifactKey: Guid(e1ebc0907c79c844b905de2374fdd08c) Importer(815301076,1909f56bfc062723c751e8b465ee728b)
Start importing Assets/Scripts/GameManager.cs using Guid(e1ebc0907c79c844b905de2374fdd08c) Importer(815301076,1909f56bfc062723c751e8b465ee728b)  -> (artifact id: '15154ed881f2df1a84a8aa0ed3e05c67') in 0.002244 seconds
  Import took 0.005650 seconds .

========================================================================
Received Prepare
Registering precompiled user dll's ...
Registered in 0.004222 seconds.
Begin MonoManager ReloadAssembly
Native extension for WindowsStandalone target not found
Refreshing native plugins compatible for Editor in 0.56 ms, found 3 plugins.
Preloading 0 native plugins for Editor in 0.00 ms.
Mono: successfully reloaded assembly
- Completed reload, in  1.146 seconds
Platform modules already initialized, skipping
Refreshing native plugins compatible for Editor in 0.51 ms, found 3 plugins.
Preloading 0 native plugins for Editor in 0.00 ms.
Unloading 2076 Unused Serialized files (Serialized files now loaded: 0)
System memory in use before: 96.5 MB.
System memory in use after: 96.6 MB.

Unloading 17 unused Assets to reduce memory usage. Loaded Objects now: 2582.
Total: 2.234300 ms (FindLiveObjects: 0.232600 ms CreateObjectMapping: 0.048300 ms MarkObjects: 1.933800 ms  DeleteObjects: 0.017800 ms)

========================================================================
Received Prepare
Registering precompiled user dll's ...
Registered in 0.003592 seconds.
Begin MonoManager ReloadAssembly
Native extension for WindowsStandalone target not found
Refreshing native plugins compatible for Editor in 0.60 ms, found 3 plugins.
Preloading 0 native plugins for Editor in 0.00 ms.
Mono: successfully reloaded assembly
- Completed reload, in  1.154 seconds
Platform modules already initialized, skipping
Refreshing native plugins compatible for Editor in 0.55 ms, found 3 plugins.
Preloading 0 native plugins for Editor in 0.00 ms.
Unloading 2076 Unused Serialized files (Serialized files now loaded: 0)
System memory in use before: 96.5 MB.
System memory in use after: 96.6 MB.

Unloading 17 unused Assets to reduce memory usage. Loaded Objects now: 2585.
Total: 2.599000 ms (FindLiveObjects: 0.236600 ms CreateObjectMapping: 0.050000 ms MarkObjects: 2.287700 ms  DeleteObjects: 0.022700 ms)

========================================================================
Received Import Request.
  Time since last request: 61.501235 seconds.
  path: Assets/Scripts/GameManager.cs
  artifactKey: Guid(e1ebc0907c79c844b905de2374fdd08c) Importer(815301076,1909f56bfc062723c751e8b465ee728b)
Start importing Assets/Scripts/GameManager.cs using Guid(e1ebc0907c79c844b905de2374fdd08c) Importer(815301076,1909f56bfc062723c751e8b465ee728b)  -> (artifact id: 'c4e63c9f6b5b1e944f134b6b7a8f0d14') in 0.005626 seconds
  Import took 0.009417 seconds .

========================================================================
Received Prepare
Registering precompiled user dll's ...
Registered in 0.003920 seconds.
Begin MonoManager ReloadAssembly
Native extension for WindowsStandalone target not found
Refreshing native plugins compatible for Editor in 0.54 ms, found 3 plugins.
Preloading 0 native plugins for Editor in 0.00 ms.
Mono: successfully reloaded assembly
- Completed reload, in  1.174 seconds
Platform modules already initialized, skipping
Refreshing native plugins compatible for Editor in 0.55 ms, found 3 plugins.
Preloading 0 native plugins for Editor in 0.00 ms.
Unloading 2076 Unused Serialized files (Serialized files now loaded: 0)
System memory in use before: 96.5 MB.
System memory in use after: 96.6 MB.

Unloading 17 unused Assets to reduce memory usage. Loaded Objects now: 2588.
Total: 3.591000 ms (FindLiveObjects: 0.296700 ms CreateObjectMapping: 0.072800 ms MarkObjects: 3.189400 ms  DeleteObjects: 0.030400 ms)

========================================================================
Received Import Request.
  Time since last request: 29.742440 seconds.
  path: Assets/Scripts/GameManager.cs
  artifactKey: Guid(e1ebc0907c79c844b905de2374fdd08c) Importer(815301076,1909f56bfc062723c751e8b465ee728b)
Start importing Assets/Scripts/GameManager.cs using Guid(e1ebc0907c79c844b905de2374fdd08c) Importer(815301076,1909f56bfc062723c751e8b465ee728b)  -> (artifact id: 'd1bcf05be438c19454c6474bfdb195e8') in 0.006241 seconds
  Import took 0.010650 seconds .

========================================================================
Received Import Request.
  Time since last request: 4.866268 seconds.
  path: Assets/Scripts/GameManager.cs
  artifactKey: Guid(e1ebc0907c79c844b905de2374fdd08c) Importer(815301076,1909f56bfc062723c751e8b465ee728b)
Start importing Assets/Scripts/GameManager.cs using Guid(e1ebc0907c79c844b905de2374fdd08c) Importer(815301076,1909f56bfc062723c751e8b465ee728b)  -> (artifact id: '11afec6c7e9bda9820169bf252d14007') in 0.002679 seconds
  Import took 0.006311 seconds .

========================================================================
Received Prepare
Registering precompiled user dll's ...
Registered in 0.004393 seconds.
Begin MonoManager ReloadAssembly
Native extension for WindowsStandalone target not found
Refreshing native plugins compatible for Editor in 0.54 ms, found 3 plugins.
Preloading 0 native plugins for Editor in 0.00 ms.
Mono: successfully reloaded assembly
- Completed reload, in  1.194 seconds
Platform modules already initialized, skipping
Refreshing native plugins compatible for Editor in 0.56 ms, found 3 plugins.
Preloading 0 native plugins for Editor in 0.00 ms.
Unloading 2076 Unused Serialized files (Serialized files now loaded: 0)
System memory in use before: 96.5 MB.
System memory in use after: 96.6 MB.

Unloading 17 unused Assets to reduce memory usage. Loaded Objects now: 2591.
Total: 2.685700 ms (FindLiveObjects: 0.234000 ms CreateObjectMapping: 0.049900 ms MarkObjects: 2.379200 ms  DeleteObjects: 0.020800 ms)

========================================================================
Received Import Request.
  Time since last request: 6.446395 seconds.
  path: Assets/Scripts/GameManager.cs
  artifactKey: Guid(e1ebc0907c79c844b905de2374fdd08c) Importer(815301076,1909f56bfc062723c751e8b465ee728b)
Start importing Assets/Scripts/GameManager.cs using Guid(e1ebc0907c79c844b905de2374fdd08c) Importer(815301076,1909f56bfc062723c751e8b465ee728b)  -> (artifact id: 'dc28df11a39cc4bcd42484149f325426') in 0.007549 seconds
  Import took 0.012886 seconds .

========================================================================
Received Prepare
Registering precompiled user dll's ...
Registered in 0.003301 seconds.
Begin MonoManager ReloadAssembly
Native extension for WindowsStandalone target not found
Refreshing native plugins compatible for Editor in 0.86 ms, found 3 plugins.
Preloading 0 native plugins for Editor in 0.00 ms.
Mono: successfully reloaded assembly
- Completed reload, in  1.172 seconds
Platform modules already initialized, skipping
Refreshing native plugins compatible for Editor in 0.80 ms, found 3 plugins.
Preloading 0 native plugins for Editor in 0.00 ms.
Unloading 2076 Unused Serialized files (Serialized files now loaded: 0)
System memory in use before: 96.5 MB.
System memory in use after: 96.7 MB.

Unloading 17 unused Assets to reduce memory usage. Loaded Objects now: 2594.
Total: 4.066000 ms (FindLiveObjects: 0.624500 ms CreateObjectMapping: 0.224200 ms MarkObjects: 3.191000 ms  DeleteObjects: 0.024800 ms)

========================================================================
Received Import Request.
  Time since last request: 919.716103 seconds.
  path: Assets/Scripts/GameManager.cs
  artifactKey: Guid(e1ebc0907c79c844b905de2374fdd08c) Importer(815301076,1909f56bfc062723c751e8b465ee728b)
Start importing Assets/Scripts/GameManager.cs using Guid(e1ebc0907c79c844b905de2374fdd08c) Importer(815301076,1909f56bfc062723c751e8b465ee728b)  -> (artifact id: 'e946f1f1abad90526353b5e33c226678') in 0.009516 seconds
  Import took 0.014138 seconds .

========================================================================
Received Prepare
Registering precompiled user dll's ...
Registered in 0.003956 seconds.
Begin MonoManager ReloadAssembly
Native extension for WindowsStandalone target not found
Refreshing native plugins compatible for Editor in 0.56 ms, found 3 plugins.
Preloading 0 native plugins for Editor in 0.00 ms.
Mono: successfully reloaded assembly
- Completed reload, in  1.268 seconds
Platform modules already initialized, skipping
Refreshing native plugins compatible for Editor in 0.58 ms, found 3 plugins.
Preloading 0 native plugins for Editor in 0.00 ms.
Unloading 2076 Unused Serialized files (Serialized files now loaded: 0)
System memory in use before: 96.6 MB.
System memory in use after: 96.7 MB.

Unloading 17 unused Assets to reduce memory usage. Loaded Objects now: 2597.
Total: 4.939300 ms (FindLiveObjects: 0.401700 ms CreateObjectMapping: 0.069100 ms MarkObjects: 4.417000 ms  DeleteObjects: 0.049900 ms)

========================================================================
Received Prepare
Registering precompiled user dll's ...
Registered in 0.004556 seconds.
Begin MonoManager ReloadAssembly
Native extension for WindowsStandalone target not found
Refreshing native plugins compatible for Editor in 0.95 ms, found 3 plugins.
Preloading 0 native plugins for Editor in 0.00 ms.
Mono: successfully reloaded assembly
- Completed reload, in  1.549 seconds
Platform modules already initialized, skipping
Refreshing native plugins compatible for Editor in 0.93 ms, found 3 plugins.
Preloading 0 native plugins for Editor in 0.00 ms.
Unloading 2076 Unused Serialized files (Serialized files now loaded: 0)
System memory in use before: 96.6 MB.
System memory in use after: 96.7 MB.

Unloading 17 unused Assets to reduce memory usage. Loaded Objects now: 2600.
Total: 5.360800 ms (FindLiveObjects: 0.463600 ms CreateObjectMapping: 0.083400 ms MarkObjects: 4.730800 ms  DeleteObjects: 0.081000 ms)

========================================================================
Received Prepare
Registering precompiled user dll's ...
Registered in 0.003556 seconds.
Begin MonoManager ReloadAssembly
Native extension for WindowsStandalone target not found
Refreshing native plugins compatible for Editor in 0.69 ms, found 3 plugins.
Preloading 0 native plugins for Editor in 0.00 ms.
Mono: successfully reloaded assembly
- Completed reload, in  1.307 seconds
Platform modules already initialized, skipping
Refreshing native plugins compatible for Editor in 0.49 ms, found 3 plugins.
Preloading 0 native plugins for Editor in 0.00 ms.
Unloading 2076 Unused Serialized files (Serialized files now loaded: 0)
System memory in use before: 96.6 MB.
System memory in use after: 96.7 MB.

Unloading 17 unused Assets to reduce memory usage. Loaded Objects now: 2603.
Total: 2.893000 ms (FindLiveObjects: 0.248300 ms CreateObjectMapping: 0.051300 ms MarkObjects: 2.566700 ms  DeleteObjects: 0.024800 ms)

========================================================================
Received Prepare
Registering precompiled user dll's ...
Registered in 0.003828 seconds.
Begin MonoManager ReloadAssembly
Native extension for WindowsStandalone target not found
Refreshing native plugins compatible for Editor in 1.04 ms, found 3 plugins.
Preloading 0 native plugins for Editor in 0.00 ms.
Mono: successfully reloaded assembly
- Completed reload, in  1.350 seconds
Platform modules already initialized, skipping
Refreshing native plugins compatible for Editor in 0.52 ms, found 3 plugins.
Preloading 0 native plugins for Editor in 0.00 ms.
Unloading 2076 Unused Serialized files (Serialized files now loaded: 0)
System memory in use before: 96.6 MB.
System memory in use after: 96.7 MB.

Unloading 17 unused Assets to reduce memory usage. Loaded Objects now: 2606.
Total: 2.521800 ms (FindLiveObjects: 0.235200 ms CreateObjectMapping: 0.049700 ms MarkObjects: 2.211400 ms  DeleteObjects: 0.023800 ms)

========================================================================
Received Import Request.
  Time since last request: 566.652250 seconds.
  path: Assets/Scripts/GameManager.cs
  artifactKey: Guid(e1ebc0907c79c844b905de2374fdd08c) Importer(815301076,1909f56bfc062723c751e8b465ee728b)
Start importing Assets/Scripts/GameManager.cs using Guid(e1ebc0907c79c844b905de2374fdd08c) Importer(815301076,1909f56bfc062723c751e8b465ee728b)  -> (artifact id: '29174dbb29d4e1a524fffac648864ba1') in 0.005954 seconds
  Import took 0.010421 seconds .

========================================================================
Received Import Request.
  Time since last request: 0.035949 seconds.
  path: Assets/Scripts/GameManager.cs
  artifactKey: Guid(e1ebc0907c79c844b905de2374fdd08c) Importer(815301076,1909f56bfc062723c751e8b465ee728b)
Start importing Assets/Scripts/GameManager.cs using Guid(e1ebc0907c79c844b905de2374fdd08c) Importer(815301076,1909f56bfc062723c751e8b465ee728b)  -> (artifact id: '29174dbb29d4e1a524fffac648864ba1') in 0.009483 seconds
  Import took 0.014606 seconds .

========================================================================
Received Import Request.
  Time since last request: 47.398677 seconds.
  path: Assets/Prefabs/DarkTheme.prefab
  artifactKey: Guid(f0f561241f011ea49b126d5da6b0a6ee) Importer(815301076,1909f56bfc062723c751e8b465ee728b)
Start importing Assets/Prefabs/DarkTheme.prefab using Guid(f0f561241f011ea49b126d5da6b0a6ee) Importer(815301076,1909f56bfc062723c751e8b465ee728b)  -> (artifact id: '8231799836cd744a5fd7ae2e4563b18c') in 0.050550 seconds
  Import took 0.056397 seconds .

========================================================================
Received Import Request.
  Time since last request: 0.000369 seconds.
  path: Assets/Prefabs/Music.prefab
  artifactKey: Guid(0e91815651af8824aa0e2328eedf5ac7) Importer(815301076,1909f56bfc062723c751e8b465ee728b)
Start importing Assets/Prefabs/Music.prefab using Guid(0e91815651af8824aa0e2328eedf5ac7) Importer(815301076,1909f56bfc062723c751e8b465ee728b)  -> (artifact id: '39e6d71c6cf59332a8d80a195279df51') in 0.005673 seconds
  Import took 0.010396 seconds .

========================================================================
Received Import Request.
  Time since last request: 3.807862 seconds.
  path: Assets/Prefabs/DarkTheme.prefab
  artifactKey: Guid(f0f561241f011ea49b126d5da6b0a6ee) Importer(815301076,1909f56bfc062723c751e8b465ee728b)
Start importing Assets/Prefabs/DarkTheme.prefab using Guid(f0f561241f011ea49b126d5da6b0a6ee) Importer(815301076,1909f56bfc062723c751e8b465ee728b)  -> (artifact id: 'ad3fdc42447c51785eeb5fcb768d76f3') in 0.004277 seconds
  Import took 0.008540 seconds .

========================================================================
Received Import Request.
  Time since last request: 0.000275 seconds.
  path: Assets/Prefabs/Music.prefab
  artifactKey: Guid(0e91815651af8824aa0e2328eedf5ac7) Importer(815301076,1909f56bfc062723c751e8b465ee728b)
Start importing Assets/Prefabs/Music.prefab using Guid(0e91815651af8824aa0e2328eedf5ac7) Importer(815301076,1909f56bfc062723c751e8b465ee728b)  -> (artifact id: '1caa98cb677bf03823ebfee808fcab23') in 0.005892 seconds
  Import took 0.010807 seconds .

========================================================================
Received Import Request.
  Time since last request: 0.000278 seconds.
  path: Assets/Prefabs/DarkTheme.prefab
  artifactKey: Guid(f0f561241f011ea49b126d5da6b0a6ee) Importer(815301076,1909f56bfc062723c751e8b465ee728b)
Start importing Assets/Prefabs/DarkTheme.prefab using Guid(f0f561241f011ea49b126d5da6b0a6ee) Importer(815301076,1909f56bfc062723c751e8b465ee728b)  -> (artifact id: 'ad3fdc42447c51785eeb5fcb768d76f3') in 0.003895 seconds
  Import took 0.007723 seconds .

========================================================================
Received Prepare
Registering precompiled user dll's ...
Registered in 0.005140 seconds.
Begin MonoManager ReloadAssembly
Native extension for WindowsStandalone target not found
Refreshing native plugins compatible for Editor in 0.76 ms, found 3 plugins.
Preloading 0 native plugins for Editor in 0.00 ms.
Mono: successfully reloaded assembly
- Completed reload, in  1.186 seconds
Platform modules already initialized, skipping
Refreshing native plugins compatible for Editor in 0.50 ms, found 3 plugins.
Preloading 0 native plugins for Editor in 0.00 ms.
Unloading 2076 Unused Serialized files (Serialized files now loaded: 0)
System memory in use before: 96.6 MB.
System memory in use after: 96.7 MB.

Unloading 17 unused Assets to reduce memory usage. Loaded Objects now: 2609.
Total: 2.529300 ms (FindLiveObjects: 0.238500 ms CreateObjectMapping: 0.049800 ms MarkObjects: 2.219600 ms  DeleteObjects: 0.019800 ms)

========================================================================
Received Prepare
Registering precompiled user dll's ...
Registered in 0.004199 seconds.
Begin MonoManager ReloadAssembly
Native extension for WindowsStandalone target not found
Refreshing native plugins compatible for Editor in 0.87 ms, found 3 plugins.
Preloading 0 native plugins for Editor in 0.00 ms.
Mono: successfully reloaded assembly
- Completed reload, in  1.324 seconds
Platform modules already initialized, skipping
Refreshing native plugins compatible for Editor in 0.49 ms, found 3 plugins.
Preloading 0 native plugins for Editor in 0.00 ms.
Unloading 2076 Unused Serialized files (Serialized files now loaded: 0)
System memory in use before: 96.6 MB.
System memory in use after: 96.7 MB.

Unloading 17 unused Assets to reduce memory usage. Loaded Objects now: 2612.
Total: 2.419400 ms (FindLiveObjects: 0.238800 ms CreateObjectMapping: 0.048500 ms MarkObjects: 2.107100 ms  DeleteObjects: 0.023200 ms)

========================================================================
Received Prepare
Registering precompiled user dll's ...
Registered in 0.003533 seconds.
Begin MonoManager ReloadAssembly
Native extension for WindowsStandalone target not found
Refreshing native plugins compatible for Editor in 0.94 ms, found 3 plugins.
Preloading 0 native plugins for Editor in 0.00 ms.
Mono: successfully reloaded assembly
- Completed reload, in  1.334 seconds
Platform modules already initialized, skipping
Refreshing native plugins compatible for Editor in 0.53 ms, found 3 plugins.
Preloading 0 native plugins for Editor in 0.00 ms.
Unloading 2076 Unused Serialized files (Serialized files now loaded: 0)
System memory in use before: 96.6 MB.
System memory in use after: 96.7 MB.

Unloading 17 unused Assets to reduce memory usage. Loaded Objects now: 2615.
Total: 2.860900 ms (FindLiveObjects: 0.247500 ms CreateObjectMapping: 0.049300 ms MarkObjects: 2.538500 ms  DeleteObjects: 0.023300 ms)

========================================================================
Received Import Request.
  Time since last request: 425.885710 seconds.
  path: Assets/Scripts/GameManager.cs
  artifactKey: Guid(e1ebc0907c79c844b905de2374fdd08c) Importer(815301076,1909f56bfc062723c751e8b465ee728b)
Start importing Assets/Scripts/GameManager.cs using Guid(e1ebc0907c79c844b905de2374fdd08c) Importer(815301076,1909f56bfc062723c751e8b465ee728b)  -> (artifact id: '9a7956f6b478dc3957364cbe71e49406') in 0.006430 seconds
  Import took 0.010494 seconds .

========================================================================
Received Import Request.
  Time since last request: 0.032182 seconds.
  path: Assets/Scripts/GameManager.cs
  artifactKey: Guid(e1ebc0907c79c844b905de2374fdd08c) Importer(815301076,1909f56bfc062723c751e8b465ee728b)
Start importing Assets/Scripts/GameManager.cs using Guid(e1ebc0907c79c844b905de2374fdd08c) Importer(815301076,1909f56bfc062723c751e8b465ee728b)  -> (artifact id: '9a7956f6b478dc3957364cbe71e49406') in 0.002261 seconds
  Import took 0.005906 seconds .

========================================================================
Received Prepare
Registering precompiled user dll's ...
Registered in 0.004722 seconds.
Begin MonoManager ReloadAssembly
Native extension for WindowsStandalone target not found
Refreshing native plugins compatible for Editor in 0.78 ms, found 3 plugins.
Preloading 0 native plugins for Editor in 0.00 ms.
Mono: successfully reloaded assembly
- Completed reload, in  1.228 seconds
Platform modules already initialized, skipping
Refreshing native plugins compatible for Editor in 0.57 ms, found 3 plugins.
Preloading 0 native plugins for Editor in 0.00 ms.
Unloading 2076 Unused Serialized files (Serialized files now loaded: 0)
System memory in use before: 96.6 MB.
System memory in use after: 96.7 MB.

Unloading 17 unused Assets to reduce memory usage. Loaded Objects now: 2618.
Total: 2.632900 ms (FindLiveObjects: 0.277600 ms CreateObjectMapping: 0.050100 ms MarkObjects: 2.279500 ms  DeleteObjects: 0.024000 ms)

========================================================================
Received Prepare
Registering precompiled user dll's ...
Registered in 0.004036 seconds.
Begin MonoManager ReloadAssembly
Native extension for WindowsStandalone target not found
Refreshing native plugins compatible for Editor in 0.53 ms, found 3 plugins.
Preloading 0 native plugins for Editor in 0.00 ms.
Mono: successfully reloaded assembly
- Completed reload, in  1.324 seconds
Platform modules already initialized, skipping
Refreshing native plugins compatible for Editor in 0.72 ms, found 3 plugins.
Preloading 0 native plugins for Editor in 0.00 ms.
Unloading 2076 Unused Serialized files (Serialized files now loaded: 0)
System memory in use before: 96.6 MB.
System memory in use after: 96.7 MB.

Unloading 17 unused Assets to reduce memory usage. Loaded Objects now: 2621.
Total: 2.419200 ms (FindLiveObjects: 0.246800 ms CreateObjectMapping: 0.050700 ms MarkObjects: 2.096900 ms  DeleteObjects: 0.023500 ms)

========================================================================
Received Prepare
Registering precompiled user dll's ...
Registered in 0.004077 seconds.
Begin MonoManager ReloadAssembly
Native extension for WindowsStandalone target not found
Refreshing native plugins compatible for Editor in 0.56 ms, found 3 plugins.
Preloading 0 native plugins for Editor in 0.00 ms.
Mono: successfully reloaded assembly
- Completed reload, in  1.305 seconds
Platform modules already initialized, skipping
Refreshing native plugins compatible for Editor in 0.62 ms, found 3 plugins.
Preloading 0 native plugins for Editor in 0.00 ms.
Unloading 2076 Unused Serialized files (Serialized files now loaded: 0)
System memory in use before: 96.6 MB.
System memory in use after: 96.7 MB.

Unloading 17 unused Assets to reduce memory usage. Loaded Objects now: 2624.
Total: 2.690200 ms (FindLiveObjects: 0.248400 ms CreateObjectMapping: 0.050000 ms MarkObjects: 2.364400 ms  DeleteObjects: 0.025400 ms)

========================================================================
Received Prepare
Registering precompiled user dll's ...
Registered in 0.003199 seconds.
Begin MonoManager ReloadAssembly
Native extension for WindowsStandalone target not found
Refreshing native plugins compatible for Editor in 0.52 ms, found 3 plugins.
Preloading 0 native plugins for Editor in 0.00 ms.
Mono: successfully reloaded assembly
- Completed reload, in  1.113 seconds
Platform modules already initialized, skipping
Refreshing native plugins compatible for Editor in 0.54 ms, found 3 plugins.
Preloading 0 native plugins for Editor in 0.00 ms.
Unloading 2076 Unused Serialized files (Serialized files now loaded: 0)
System memory in use before: 96.6 MB.
System memory in use after: 96.8 MB.

Unloading 17 unused Assets to reduce memory usage. Loaded Objects now: 2627.
Total: 2.286500 ms (FindLiveObjects: 0.251000 ms CreateObjectMapping: 0.048900 ms MarkObjects: 1.966500 ms  DeleteObjects: 0.018800 ms)

========================================================================
Received Prepare
Registering precompiled user dll's ...
Registered in 0.003446 seconds.
Begin MonoManager ReloadAssembly
Native extension for WindowsStandalone target not found
Refreshing native plugins compatible for Editor in 0.69 ms, found 3 plugins.
Preloading 0 native plugins for Editor in 0.00 ms.
Mono: successfully reloaded assembly
- Completed reload, in  1.137 seconds
Platform modules already initialized, skipping
Refreshing native plugins compatible for Editor in 0.56 ms, found 3 plugins.
Preloading 0 native plugins for Editor in 0.00 ms.
Unloading 2076 Unused Serialized files (Serialized files now loaded: 0)
System memory in use before: 96.7 MB.
System memory in use after: 96.8 MB.

Unloading 17 unused Assets to reduce memory usage. Loaded Objects now: 2630.
Total: 3.009800 ms (FindLiveObjects: 0.286100 ms CreateObjectMapping: 0.053600 ms MarkObjects: 2.641600 ms  DeleteObjects: 0.026100 ms)

AssetImportWorkerClient::OnTransportError - code=2 error=End of file
