Using pre-set license
Built from '2020.3/staging' branch; Version is '2020.3.11f1 (99c7afb366b3) revision 10078127'; Using compiler version '192528614'; Build Type 'Release'
OS: 'Windows 10 Enterprise; OS build 18363.1621; Version 1909; 64bit' Language: 'fr' Physical Memory: 16271 MB
BatchMode: 1, IsHumanControllingUs: 0, StartBugReporterOnCrash: 0, Is64bit: 1, IsPro: 0

 COMMAND LINE ARGUMENTS:
C:\Program Files\Unity\Hub\Editor\2020.3.11f1\Editor\Unity.exe
-adb2
-batchMode
-noUpm
-name
AssetImportWorker0
-projectPath
C:/Users/HAL/Desktop/GMTK-2021
-logFile
Logs/AssetImportWorker0.log
-srvPort
56616
Successfully changed project path to: C:/Users/HAL/Desktop/GMTK-2021
C:/Users/HAL/Desktop/GMTK-2021
Using Asset Import Pipeline V2.
Refreshing native plugins compatible for Editor in 43.80 ms, found 3 plugins.
Preloading 0 native plugins for Editor in 0.00 ms.
Initialize engine version: 2020.3.11f1 (99c7afb366b3)
[Subsystems] Discovering subsystems at path C:/Program Files/Unity/Hub/Editor/2020.3.11f1/Editor/Data/Resources/UnitySubsystems
[Subsystems] Discovering subsystems at path C:/Users/HAL/Desktop/GMTK-2021/Assets
GfxDevice: creating device client; threaded=0
Direct3D:
    Version:  Direct3D 11.0 [level 11.1]
    Renderer: NVIDIA GeForce GTX 960 (ID=0x1401)
    Vendor:   
    VRAM:     4053 MB
    Driver:   27.21.14.5671
Initialize mono
Mono path[0] = 'C:/Program Files/Unity/Hub/Editor/2020.3.11f1/Editor/Data/Managed'
Mono path[1] = 'C:/Program Files/Unity/Hub/Editor/2020.3.11f1/Editor/Data/MonoBleedingEdge/lib/mono/unityjit'
Mono config path = 'C:/Program Files/Unity/Hub/Editor/2020.3.11f1/Editor/Data/MonoBleedingEdge/etc'
Using monoOptions --debugger-agent=transport=dt_socket,embedding=1,server=y,suspend=n,address=127.0.0.1:56304
Begin MonoManager ReloadAssembly
Registering precompiled unity dll's ...
Register platform support module: C:/Program Files/Unity/Hub/Editor/2020.3.11f1/Editor/Data/PlaybackEngines/WebGLSupport/UnityEditor.WebGL.Extensions.dll
Register platform support module: C:/Program Files/Unity/Hub/Editor/2020.3.11f1/Editor/Data/PlaybackEngines/WindowsStandaloneSupport/UnityEditor.WindowsStandalone.Extensions.dll
Registered in 0.002228 seconds.
Native extension for WindowsStandalone target not found
Native extension for WebGL target not found
Refreshing native plugins compatible for Editor in 40.64 ms, found 3 plugins.
Preloading 0 native plugins for Editor in 0.00 ms.
Mono: successfully reloaded assembly
- Completed reload, in  1.226 seconds
Platform modules already initialized, skipping
Registering precompiled user dll's ...
Registered in 0.004645 seconds.
Begin MonoManager ReloadAssembly
Native extension for WindowsStandalone target not found
Native extension for WebGL target not found
Refreshing native plugins compatible for Editor in 40.54 ms, found 3 plugins.
Preloading 0 native plugins for Editor in 0.00 ms.
Mono: successfully reloaded assembly
- Completed reload, in  1.128 seconds
Platform modules already initialized, skipping
========================================================================
Worker process is ready to serve import requests
Launched and connected shader compiler UnityShaderCompiler.exe after 0.05 seconds
Refreshing native plugins compatible for Editor in 0.42 ms, found 3 plugins.
Preloading 0 native plugins for Editor in 0.00 ms.
Unloading 2086 Unused Serialized files (Serialized files now loaded: 0)
System memory in use before: 92.9 MB.
System memory in use after: 93.0 MB.

Unloading 28 unused Assets to reduce memory usage. Loaded Objects now: 2524.
Total: 2.072400 ms (FindLiveObjects: 0.183300 ms CreateObjectMapping: 0.081400 ms MarkObjects: 1.733100 ms  DeleteObjects: 0.073500 ms)

========================================================================
Received Import Request.
  path: Assets/Particle.mat
  artifactKey: Guid(91cfc45b7baa12a42b847d792f38c950) Importer(815301076,1909f56bfc062723c751e8b465ee728b)
Start importing Assets/Particle.mat using Guid(91cfc45b7baa12a42b847d792f38c950) Importer(815301076,1909f56bfc062723c751e8b465ee728b)  -> (artifact id: '43bea14441393ff4079d23ca48c35da5') in 0.346246 seconds
  Import took 0.349530 seconds .

========================================================================
Received Import Request.
  Time since last request: 69.329623 seconds.
  path: Assets/Scenes/Room
  artifactKey: Guid(f19cae681f9e96c4db77127b1ccf3779) Importer(815301076,1909f56bfc062723c751e8b465ee728b)
Start importing Assets/Scenes/Room using Guid(f19cae681f9e96c4db77127b1ccf3779) Importer(815301076,1909f56bfc062723c751e8b465ee728b)  -> (artifact id: '0699ed2ab1fc798962156886bd527b6f') in 0.008947 seconds
  Import took 0.012315 seconds .

========================================================================
Received Import Request.
  Time since last request: 0.002700 seconds.
  path: Assets/Scenes/Room
  artifactKey: Guid(f19cae681f9e96c4db77127b1ccf3779) Importer(815301076,1909f56bfc062723c751e8b465ee728b)
Start importing Assets/Scenes/Room using Guid(f19cae681f9e96c4db77127b1ccf3779) Importer(815301076,1909f56bfc062723c751e8b465ee728b)  -> (artifact id: '0699ed2ab1fc798962156886bd527b6f') in 0.003930 seconds
  Import took 0.007813 seconds .

========================================================================
Received Import Request.
  Time since last request: 34.138263 seconds.
  path: Assets/Scripts
  artifactKey: Guid(22ab26ed37c6ed64c8a52abdc0428255) Importer(815301076,1909f56bfc062723c751e8b465ee728b)
Start importing Assets/Scripts using Guid(22ab26ed37c6ed64c8a52abdc0428255) Importer(815301076,1909f56bfc062723c751e8b465ee728b)  -> (artifact id: 'e5a3c977fb04e9e4f26dc7850ecc3223') in 0.007984 seconds
  Import took 0.011431 seconds .

========================================================================
Received Import Request.
  Time since last request: 0.002814 seconds.
  path: Assets/Scripts
  artifactKey: Guid(22ab26ed37c6ed64c8a52abdc0428255) Importer(815301076,1909f56bfc062723c751e8b465ee728b)
Start importing Assets/Scripts using Guid(22ab26ed37c6ed64c8a52abdc0428255) Importer(815301076,1909f56bfc062723c751e8b465ee728b)  -> (artifact id: 'e5a3c977fb04e9e4f26dc7850ecc3223') in 0.012896 seconds
  Import took 0.016622 seconds .

========================================================================
Received Import Request.
  Time since last request: 0.688967 seconds.
  path: Assets/Scripts/GameStateManager.cs
  artifactKey: Guid(b167e04d28bd51a48a25559cfc34e65d) Importer(815301076,1909f56bfc062723c751e8b465ee728b)
Start importing Assets/Scripts/GameStateManager.cs using Guid(b167e04d28bd51a48a25559cfc34e65d) Importer(815301076,1909f56bfc062723c751e8b465ee728b)  -> (artifact id: 'a8b96ad884a4df22eedc365c1d0d5d53') in 0.014065 seconds
  Import took 0.017129 seconds .

========================================================================
Received Import Request.
  Time since last request: 0.018160 seconds.
  path: Assets/Scripts/GameStateManager.cs
  artifactKey: Guid(b167e04d28bd51a48a25559cfc34e65d) Importer(815301076,1909f56bfc062723c751e8b465ee728b)
Start importing Assets/Scripts/GameStateManager.cs using Guid(b167e04d28bd51a48a25559cfc34e65d) Importer(815301076,1909f56bfc062723c751e8b465ee728b)  -> (artifact id: 'a8b96ad884a4df22eedc365c1d0d5d53') in 0.003692 seconds
  Import took 0.007187 seconds .

========================================================================
Received Prepare
Registering precompiled user dll's ...
Registered in 0.005318 seconds.
Begin MonoManager ReloadAssembly
Native extension for WindowsStandalone target not found
Native extension for WebGL target not found
Refreshing native plugins compatible for Editor in 0.43 ms, found 3 plugins.
Preloading 0 native plugins for Editor in 0.00 ms.
Mono: successfully reloaded assembly
- Completed reload, in  1.401 seconds
Platform modules already initialized, skipping
Refreshing native plugins compatible for Editor in 0.93 ms, found 3 plugins.
Preloading 0 native plugins for Editor in 0.00 ms.
Unloading 2076 Unused Serialized files (Serialized files now loaded: 0)
System memory in use before: 95.6 MB.
System memory in use after: 95.7 MB.

Unloading 16 unused Assets to reduce memory usage. Loaded Objects now: 2568.
Total: 3.451500 ms (FindLiveObjects: 0.203500 ms CreateObjectMapping: 0.099100 ms MarkObjects: 3.110800 ms  DeleteObjects: 0.036500 ms)

========================================================================
Received Prepare
Registering precompiled user dll's ...
Registered in 0.004433 seconds.
Begin MonoManager ReloadAssembly
Native extension for WindowsStandalone target not found
Native extension for WebGL target not found
Refreshing native plugins compatible for Editor in 0.44 ms, found 3 plugins.
Preloading 0 native plugins for Editor in 0.00 ms.
Mono: successfully reloaded assembly
- Completed reload, in  1.372 seconds
Platform modules already initialized, skipping
Refreshing native plugins compatible for Editor in 0.46 ms, found 3 plugins.
Preloading 0 native plugins for Editor in 0.00 ms.
Unloading 2076 Unused Serialized files (Serialized files now loaded: 0)
System memory in use before: 95.6 MB.
System memory in use after: 95.8 MB.

Unloading 16 unused Assets to reduce memory usage. Loaded Objects now: 2572.
Total: 2.145300 ms (FindLiveObjects: 0.193300 ms CreateObjectMapping: 0.090200 ms MarkObjects: 1.837200 ms  DeleteObjects: 0.023200 ms)

========================================================================
Received Prepare
Registering precompiled user dll's ...
Registered in 0.012816 seconds.
Begin MonoManager ReloadAssembly
Native extension for WindowsStandalone target not found
Native extension for WebGL target not found
Refreshing native plugins compatible for Editor in 0.43 ms, found 3 plugins.
Preloading 0 native plugins for Editor in 0.00 ms.
Mono: successfully reloaded assembly
- Completed reload, in  1.144 seconds
Platform modules already initialized, skipping
Refreshing native plugins compatible for Editor in 0.43 ms, found 3 plugins.
Preloading 0 native plugins for Editor in 0.00 ms.
Unloading 2076 Unused Serialized files (Serialized files now loaded: 0)
System memory in use before: 95.7 MB.
System memory in use after: 95.8 MB.

Unloading 16 unused Assets to reduce memory usage. Loaded Objects now: 2576.
Total: 2.175000 ms (FindLiveObjects: 0.189300 ms CreateObjectMapping: 0.086400 ms MarkObjects: 1.878000 ms  DeleteObjects: 0.020300 ms)

========================================================================
Received Prepare
Registering precompiled user dll's ...
Registered in 0.024175 seconds.
Begin MonoManager ReloadAssembly
Native extension for WindowsStandalone target not found
Native extension for WebGL target not found
Refreshing native plugins compatible for Editor in 0.44 ms, found 3 plugins.
Preloading 0 native plugins for Editor in 0.00 ms.
Mono: successfully reloaded assembly
- Completed reload, in  1.185 seconds
Platform modules already initialized, skipping
Refreshing native plugins compatible for Editor in 0.43 ms, found 3 plugins.
Preloading 0 native plugins for Editor in 0.00 ms.
Unloading 2076 Unused Serialized files (Serialized files now loaded: 0)
System memory in use before: 95.7 MB.
System memory in use after: 95.8 MB.

Unloading 16 unused Assets to reduce memory usage. Loaded Objects now: 2580.
Total: 2.247900 ms (FindLiveObjects: 0.191000 ms CreateObjectMapping: 0.088800 ms MarkObjects: 1.943600 ms  DeleteObjects: 0.023500 ms)

========================================================================
Received Prepare
Registering precompiled user dll's ...
Registered in 0.004544 seconds.
Begin MonoManager ReloadAssembly
Native extension for WindowsStandalone target not found
Native extension for WebGL target not found
Refreshing native plugins compatible for Editor in 0.50 ms, found 3 plugins.
Preloading 0 native plugins for Editor in 0.00 ms.
Mono: successfully reloaded assembly
- Completed reload, in  1.113 seconds
Platform modules already initialized, skipping
Refreshing native plugins compatible for Editor in 0.47 ms, found 3 plugins.
Preloading 0 native plugins for Editor in 0.00 ms.
Unloading 2076 Unused Serialized files (Serialized files now loaded: 0)
System memory in use before: 95.7 MB.
System memory in use after: 95.8 MB.

Unloading 16 unused Assets to reduce memory usage. Loaded Objects now: 2584.
Total: 2.772000 ms (FindLiveObjects: 0.250100 ms CreateObjectMapping: 0.104100 ms MarkObjects: 2.392400 ms  DeleteObjects: 0.024200 ms)

========================================================================
Received Prepare
Registering precompiled user dll's ...
Registered in 0.004419 seconds.
Begin MonoManager ReloadAssembly
Native extension for WindowsStandalone target not found
Native extension for WebGL target not found
Refreshing native plugins compatible for Editor in 0.44 ms, found 3 plugins.
Preloading 0 native plugins for Editor in 0.00 ms.
Mono: successfully reloaded assembly
- Completed reload, in  1.081 seconds
Platform modules already initialized, skipping
Refreshing native plugins compatible for Editor in 0.62 ms, found 3 plugins.
Preloading 0 native plugins for Editor in 0.00 ms.
Unloading 2076 Unused Serialized files (Serialized files now loaded: 0)
System memory in use before: 95.7 MB.
System memory in use after: 95.8 MB.

Unloading 16 unused Assets to reduce memory usage. Loaded Objects now: 2588.
Total: 1.918600 ms (FindLiveObjects: 0.185500 ms CreateObjectMapping: 0.080700 ms MarkObjects: 1.630400 ms  DeleteObjects: 0.021000 ms)

========================================================================
Received Prepare
Registering precompiled user dll's ...
Registered in 0.004746 seconds.
Begin MonoManager ReloadAssembly
Native extension for WindowsStandalone target not found
Native extension for WebGL target not found
Refreshing native plugins compatible for Editor in 0.47 ms, found 3 plugins.
Preloading 0 native plugins for Editor in 0.00 ms.
Mono: successfully reloaded assembly
- Completed reload, in  1.481 seconds
Platform modules already initialized, skipping
Refreshing native plugins compatible for Editor in 2.66 ms, found 3 plugins.
Preloading 0 native plugins for Editor in 0.00 ms.
Unloading 2076 Unused Serialized files (Serialized files now loaded: 0)
System memory in use before: 95.7 MB.
System memory in use after: 95.8 MB.

Unloading 16 unused Assets to reduce memory usage. Loaded Objects now: 2592.
Total: 17.163600 ms (FindLiveObjects: 0.708100 ms CreateObjectMapping: 1.862800 ms MarkObjects: 14.563500 ms  DeleteObjects: 0.027000 ms)

========================================================================
Received Prepare
Registering precompiled user dll's ...
Registered in 0.004770 seconds.
Begin MonoManager ReloadAssembly
Native extension for WindowsStandalone target not found
Native extension for WebGL target not found
Refreshing native plugins compatible for Editor in 0.44 ms, found 3 plugins.
Preloading 0 native plugins for Editor in 0.00 ms.
Mono: successfully reloaded assembly
- Completed reload, in  1.427 seconds
Platform modules already initialized, skipping
Refreshing native plugins compatible for Editor in 2.47 ms, found 3 plugins.
Preloading 0 native plugins for Editor in 0.00 ms.
Unloading 2076 Unused Serialized files (Serialized files now loaded: 0)
System memory in use before: 95.7 MB.
System memory in use after: 95.8 MB.

Unloading 16 unused Assets to reduce memory usage. Loaded Objects now: 2596.
Total: 13.593200 ms (FindLiveObjects: 1.407300 ms CreateObjectMapping: 0.884800 ms MarkObjects: 11.209000 ms  DeleteObjects: 0.020500 ms)

========================================================================
Received Prepare
Registering precompiled user dll's ...
Registered in 0.005567 seconds.
Begin MonoManager ReloadAssembly
Native extension for WindowsStandalone target not found
Native extension for WebGL target not found
Refreshing native plugins compatible for Editor in 0.43 ms, found 3 plugins.
Preloading 0 native plugins for Editor in 0.00 ms.
Mono: successfully reloaded assembly
- Completed reload, in  1.498 seconds
Platform modules already initialized, skipping
Refreshing native plugins compatible for Editor in 2.65 ms, found 3 plugins.
Preloading 0 native plugins for Editor in 0.00 ms.
Unloading 2076 Unused Serialized files (Serialized files now loaded: 0)
System memory in use before: 95.7 MB.
System memory in use after: 95.9 MB.

Unloading 16 unused Assets to reduce memory usage. Loaded Objects now: 2600.
Total: 12.404500 ms (FindLiveObjects: 0.860400 ms CreateObjectMapping: 0.393200 ms MarkObjects: 11.124000 ms  DeleteObjects: 0.024900 ms)

========================================================================
Received Prepare
Registering precompiled user dll's ...
Registered in 0.004313 seconds.
Begin MonoManager ReloadAssembly
Native extension for WindowsStandalone target not found
Native extension for WebGL target not found
Refreshing native plugins compatible for Editor in 0.49 ms, found 3 plugins.
Preloading 0 native plugins for Editor in 0.00 ms.
Mono: successfully reloaded assembly
- Completed reload, in  1.465 seconds
Platform modules already initialized, skipping
Refreshing native plugins compatible for Editor in 0.45 ms, found 3 plugins.
Preloading 0 native plugins for Editor in 0.00 ms.
Unloading 2076 Unused Serialized files (Serialized files now loaded: 0)
System memory in use before: 95.7 MB.
System memory in use after: 95.9 MB.

Unloading 16 unused Assets to reduce memory usage. Loaded Objects now: 2604.
Total: 3.334000 ms (FindLiveObjects: 0.203000 ms CreateObjectMapping: 0.084400 ms MarkObjects: 3.021000 ms  DeleteObjects: 0.024400 ms)

========================================================================
Received Prepare
Registering precompiled user dll's ...
Registered in 0.004647 seconds.
Begin MonoManager ReloadAssembly
Native extension for WindowsStandalone target not found
Native extension for WebGL target not found
Refreshing native plugins compatible for Editor in 0.44 ms, found 3 plugins.
Preloading 0 native plugins for Editor in 0.00 ms.
Mono: successfully reloaded assembly
- Completed reload, in  1.410 seconds
Platform modules already initialized, skipping
Refreshing native plugins compatible for Editor in 0.51 ms, found 3 plugins.
Preloading 0 native plugins for Editor in 0.00 ms.
Unloading 2076 Unused Serialized files (Serialized files now loaded: 0)
System memory in use before: 95.8 MB.
System memory in use after: 95.9 MB.

Unloading 16 unused Assets to reduce memory usage. Loaded Objects now: 2608.
Total: 2.439700 ms (FindLiveObjects: 0.199700 ms CreateObjectMapping: 0.149800 ms MarkObjects: 2.069100 ms  DeleteObjects: 0.019900 ms)

========================================================================
Received Prepare
Registering precompiled user dll's ...
Registered in 0.004415 seconds.
Begin MonoManager ReloadAssembly
Native extension for WindowsStandalone target not found
Native extension for WebGL target not found
Refreshing native plugins compatible for Editor in 0.44 ms, found 3 plugins.
Preloading 0 native plugins for Editor in 0.00 ms.
Mono: successfully reloaded assembly
- Completed reload, in  1.195 seconds
Platform modules already initialized, skipping
Refreshing native plugins compatible for Editor in 0.43 ms, found 3 plugins.
Preloading 0 native plugins for Editor in 0.00 ms.
Unloading 2076 Unused Serialized files (Serialized files now loaded: 0)
System memory in use before: 95.8 MB.
System memory in use after: 95.9 MB.

Unloading 16 unused Assets to reduce memory usage. Loaded Objects now: 2612.
Total: 2.004000 ms (FindLiveObjects: 0.186000 ms CreateObjectMapping: 0.078800 ms MarkObjects: 1.718200 ms  DeleteObjects: 0.020100 ms)

========================================================================
Received Import Request.
  Time since last request: 1107.623621 seconds.
  path: Assets/Sprites/2CAD0A8D-4C04-4822-9799-CD6BC6B59E74.png
  artifactKey: Guid(a6f8d7203cdaa214f97748420e924a4d) Importer(815301076,1909f56bfc062723c751e8b465ee728b)
Start importing Assets/Sprites/2CAD0A8D-4C04-4822-9799-CD6BC6B59E74.png using Guid(a6f8d7203cdaa214f97748420e924a4d) Importer(815301076,1909f56bfc062723c751e8b465ee728b)  -> (artifact id: '455b0a836b23295a5aee261c7701c6f2') in 0.153963 seconds
  Import took 0.159183 seconds .

========================================================================
Received Import Request.
  Time since last request: 0.000170 seconds.
  path: Assets/Sprites/spritesheet 1.png
  artifactKey: Guid(fda4e024d6db63a4d9f11388d88a0730) Importer(815301076,1909f56bfc062723c751e8b465ee728b)
Start importing Assets/Sprites/spritesheet 1.png using Guid(fda4e024d6db63a4d9f11388d88a0730) Importer(815301076,1909f56bfc062723c751e8b465ee728b)  -> (artifact id: '3117a342db5d844caa5940cd97eff160') in 0.038009 seconds
  Import took 0.041320 seconds .

========================================================================
Received Import Request.
  Time since last request: 1.089589 seconds.
  path: Assets/Sprites/Room 1
  artifactKey: Guid(555d3be0fef26174a80c257624d151a5) Importer(815301076,1909f56bfc062723c751e8b465ee728b)
Start importing Assets/Sprites/Room 1 using Guid(555d3be0fef26174a80c257624d151a5) Importer(815301076,1909f56bfc062723c751e8b465ee728b)  -> (artifact id: '96b297007fe289f1963c813c860f27c4') in 0.013451 seconds
  Import took 0.016633 seconds .

========================================================================
Received Import Request.
  Time since last request: 0.049854 seconds.
  path: Assets/Sprites/Room 1/bed.png
  artifactKey: Guid(9a113733ff3e6e246b79b4be7dbf7c0a) Importer(815301076,1909f56bfc062723c751e8b465ee728b)
Start importing Assets/Sprites/Room 1/bed.png using Guid(9a113733ff3e6e246b79b4be7dbf7c0a) Importer(815301076,1909f56bfc062723c751e8b465ee728b)  -> (artifact id: '9abf8207bab985b2c59171efd0d10918') in 0.016948 seconds
  Import took 0.020682 seconds .

========================================================================
Received Import Request.
  Time since last request: 0.000171 seconds.
  path: Assets/Sprites/Room 1/other_side.png
  artifactKey: Guid(74901c6639beb624a844c71e521f46bc) Importer(815301076,1909f56bfc062723c751e8b465ee728b)
Start importing Assets/Sprites/Room 1/other_side.png using Guid(74901c6639beb624a844c71e521f46bc) Importer(815301076,1909f56bfc062723c751e8b465ee728b)  -> (artifact id: '32e34d65d53b644ba43baf48228fb711') in 0.024236 seconds
  Import took 0.027409 seconds .

========================================================================
Received Import Request.
  Time since last request: 0.000149 seconds.
  path: Assets/Sprites/Room 1/F9E9AEEA-8808-462C-9161-6C0BD586A8F3.jpeg
  artifactKey: Guid(0d8d4929b71026246ae321ce8f82c349) Importer(815301076,1909f56bfc062723c751e8b465ee728b)
Start importing Assets/Sprites/Room 1/F9E9AEEA-8808-462C-9161-6C0BD586A8F3.jpeg using Guid(0d8d4929b71026246ae321ce8f82c349) Importer(815301076,1909f56bfc062723c751e8b465ee728b)  -> (artifact id: '4e3c11e2c481c5be057d53ab5a92d001') in 0.034455 seconds
  Import took 0.037528 seconds .

========================================================================
Received Import Request.
  Time since last request: 0.000162 seconds.
  path: Assets/Sprites/Room 1/bureau_defait.png
  artifactKey: Guid(14d4099fd4caed84f99793ea3acacbea) Importer(815301076,1909f56bfc062723c751e8b465ee728b)
Start importing Assets/Sprites/Room 1/bureau_defait.png using Guid(14d4099fd4caed84f99793ea3acacbea) Importer(815301076,1909f56bfc062723c751e8b465ee728b)  -> (artifact id: '5b4feef837bd40c1f7e23686e7c1c4a9') in 0.018079 seconds
  Import took 0.022105 seconds .

========================================================================
Received Import Request.
  Time since last request: 0.000100 seconds.
  path: Assets/Sprites/Room 1/window.png
  artifactKey: Guid(b57aa006c58648b4ca502a802f287266) Importer(815301076,1909f56bfc062723c751e8b465ee728b)
Start importing Assets/Sprites/Room 1/window.png using Guid(b57aa006c58648b4ca502a802f287266) Importer(815301076,1909f56bfc062723c751e8b465ee728b)  -> (artifact id: 'a0d99b4f0616e0f7903fe7b9ce6c598a') in 0.019492 seconds
  Import took 0.023537 seconds .

========================================================================
Received Import Request.
  Time since last request: 0.000160 seconds.
  path: Assets/Sprites/Room 1/Lit défait .png
  artifactKey: Guid(64682dc1bc01b20418653837c91b30c1) Importer(815301076,1909f56bfc062723c751e8b465ee728b)
Start importing Assets/Sprites/Room 1/Lit défait .png using Guid(64682dc1bc01b20418653837c91b30c1) Importer(815301076,1909f56bfc062723c751e8b465ee728b)  -> (artifact id: 'a3899f1bbf77393edddd386fff9cea78') in 0.018771 seconds
  Import took 0.021868 seconds .

========================================================================
Received Import Request.
  Time since last request: 0.000167 seconds.
  path: Assets/Sprites/Room 1/mirror.png
  artifactKey: Guid(bc5a700a0a9f55e4bbefd767ccd55a66) Importer(815301076,1909f56bfc062723c751e8b465ee728b)
Start importing Assets/Sprites/Room 1/mirror.png using Guid(bc5a700a0a9f55e4bbefd767ccd55a66) Importer(815301076,1909f56bfc062723c751e8b465ee728b)  -> (artifact id: '822f3150e1e108c7b5a06526932b690d') in 0.017521 seconds
  Import took 0.022090 seconds .

========================================================================
Received Import Request.
  Time since last request: 0.000171 seconds.
  path: Assets/Sprites/Room 1/bureau.png
  artifactKey: Guid(4310bb78e2482894b82cbd939597fc16) Importer(815301076,1909f56bfc062723c751e8b465ee728b)
Start importing Assets/Sprites/Room 1/bureau.png using Guid(4310bb78e2482894b82cbd939597fc16) Importer(815301076,1909f56bfc062723c751e8b465ee728b)  -> (artifact id: '81fcb391f60971b9dedf59a9ebc7f395') in 0.018179 seconds
  Import took 0.021312 seconds .

========================================================================
Received Import Request.
  Time since last request: 0.000152 seconds.
  path: Assets/Sprites/Room 1/phone.png
  artifactKey: Guid(cb497741c71c7df49ac2941e40448d82) Importer(815301076,1909f56bfc062723c751e8b465ee728b)
Start importing Assets/Sprites/Room 1/phone.png using Guid(cb497741c71c7df49ac2941e40448d82) Importer(815301076,1909f56bfc062723c751e8b465ee728b)  -> (artifact id: 'b9ff262ee94fd62af9242f2825590d8e') in 0.017763 seconds
  Import took 0.020648 seconds .

========================================================================
Received Import Request.
  Time since last request: 0.000152 seconds.
  path: Assets/Sprites/Room 1/drawers.png
  artifactKey: Guid(e394f24e809c9f24ab28288be13e22a6) Importer(815301076,1909f56bfc062723c751e8b465ee728b)
Start importing Assets/Sprites/Room 1/drawers.png using Guid(e394f24e809c9f24ab28288be13e22a6) Importer(815301076,1909f56bfc062723c751e8b465ee728b)  -> (artifact id: '24fdc423342d858f9f84daa78e938f62') in 0.018982 seconds
  Import took 0.022834 seconds .

========================================================================
Received Import Request.
  Time since last request: 0.000207 seconds.
  path: Assets/Sprites/Room 1/plant.png
  artifactKey: Guid(1c2c92e1c5748bb48a69da94f1ead6fb) Importer(815301076,1909f56bfc062723c751e8b465ee728b)
Start importing Assets/Sprites/Room 1/plant.png using Guid(1c2c92e1c5748bb48a69da94f1ead6fb) Importer(815301076,1909f56bfc062723c751e8b465ee728b)  -> (artifact id: 'caa6a22c070329f7f33ba4b7d7bf7da3') in 0.018655 seconds
  Import took 0.022325 seconds .

========================================================================
Received Import Request.
  Time since last request: 0.000167 seconds.
  path: Assets/Sprites/Room 1/room.png
  artifactKey: Guid(302088a88a2e4644e86705171d48f6ec) Importer(815301076,1909f56bfc062723c751e8b465ee728b)
Start importing Assets/Sprites/Room 1/room.png using Guid(302088a88a2e4644e86705171d48f6ec) Importer(815301076,1909f56bfc062723c751e8b465ee728b)  -> (artifact id: 'e9d62d22fc7fcffccf00eeb6d52ff75c') in 0.020906 seconds
  Import took 0.024076 seconds .

========================================================================
Received Import Request.
  Time since last request: 0.000278 seconds.
  path: Assets/Sprites/Room 1/Room1.png
  artifactKey: Guid(fd5dc0df7ade27f4e8189cc847c07493) Importer(815301076,1909f56bfc062723c751e8b465ee728b)
Start importing Assets/Sprites/Room 1/Room1.png using Guid(fd5dc0df7ade27f4e8189cc847c07493) Importer(815301076,1909f56bfc062723c751e8b465ee728b)  -> (artifact id: '2b58b76506aaead085b30a424edec59e') in 0.015504 seconds
  Import took 0.020292 seconds .

========================================================================
Received Import Request.
  Time since last request: 0.000147 seconds.
  path: Assets/Sprites/Room 1/door_sdb.png
  artifactKey: Guid(3a0d18ec19dbd6041a90ccb978bb5e5e) Importer(815301076,1909f56bfc062723c751e8b465ee728b)
Start importing Assets/Sprites/Room 1/door_sdb.png using Guid(3a0d18ec19dbd6041a90ccb978bb5e5e) Importer(815301076,1909f56bfc062723c751e8b465ee728b)  -> (artifact id: 'b33dffd6fe779826b68e523db30b43db') in 0.019927 seconds
  Import took 0.022856 seconds .

========================================================================
Received Import Request.
  Time since last request: 0.000358 seconds.
  path: Assets/Sprites/Room 1/door.png
  artifactKey: Guid(4a2a809faace02945825288ad3c5518a) Importer(815301076,1909f56bfc062723c751e8b465ee728b)
Start importing Assets/Sprites/Room 1/door.png using Guid(4a2a809faace02945825288ad3c5518a) Importer(815301076,1909f56bfc062723c751e8b465ee728b)  -> (artifact id: 'fb8cb6eaeff65cb76df695503bc42e98') in 0.019307 seconds
  Import took 0.023433 seconds .

========================================================================
Received Import Request.
  Time since last request: 0.000165 seconds.
  path: Assets/Sprites/Room 1/Porte sdb .png
  artifactKey: Guid(7b7138bcd7ab85340a51ba629e884496) Importer(815301076,1909f56bfc062723c751e8b465ee728b)
Start importing Assets/Sprites/Room 1/Porte sdb .png using Guid(7b7138bcd7ab85340a51ba629e884496) Importer(815301076,1909f56bfc062723c751e8b465ee728b)  -> (artifact id: '1909a184d900df000143e8116507b034') in 0.016524 seconds
  Import took 0.020629 seconds .

========================================================================
Received Prepare
Registering precompiled user dll's ...
Registered in 0.004130 seconds.
Begin MonoManager ReloadAssembly
Native extension for WindowsStandalone target not found
Native extension for WebGL target not found
Refreshing native plugins compatible for Editor in 0.43 ms, found 3 plugins.
Preloading 0 native plugins for Editor in 0.00 ms.
Mono: successfully reloaded assembly
- Completed reload, in  1.204 seconds
Platform modules already initialized, skipping
Refreshing native plugins compatible for Editor in 0.44 ms, found 3 plugins.
Preloading 0 native plugins for Editor in 0.00 ms.
Unloading 2076 Unused Serialized files (Serialized files now loaded: 0)
System memory in use before: 95.8 MB.
System memory in use after: 96.0 MB.

Unloading 16 unused Assets to reduce memory usage. Loaded Objects now: 2645.
Total: 2.460900 ms (FindLiveObjects: 0.248500 ms CreateObjectMapping: 0.103600 ms MarkObjects: 2.066200 ms  DeleteObjects: 0.029100 ms)

========================================================================
Received Prepare
Registering precompiled user dll's ...
Registered in 0.004780 seconds.
Begin MonoManager ReloadAssembly
Native extension for WindowsStandalone target not found
Native extension for WebGL target not found
Refreshing native plugins compatible for Editor in 0.50 ms, found 3 plugins.
Preloading 0 native plugins for Editor in 0.00 ms.
Mono: successfully reloaded assembly
- Completed reload, in  1.226 seconds
Platform modules already initialized, skipping
Refreshing native plugins compatible for Editor in 0.45 ms, found 3 plugins.
Preloading 0 native plugins for Editor in 0.00 ms.
Unloading 2076 Unused Serialized files (Serialized files now loaded: 0)
System memory in use before: 95.8 MB.
System memory in use after: 96.0 MB.

Unloading 16 unused Assets to reduce memory usage. Loaded Objects now: 2649.
Total: 2.311200 ms (FindLiveObjects: 0.196000 ms CreateObjectMapping: 0.087000 ms MarkObjects: 1.994100 ms  DeleteObjects: 0.032800 ms)

========================================================================
Received Prepare
Registering precompiled user dll's ...
Registered in 0.004915 seconds.
Begin MonoManager ReloadAssembly
Native extension for WindowsStandalone target not found
Native extension for WebGL target not found
Refreshing native plugins compatible for Editor in 0.49 ms, found 3 plugins.
Preloading 0 native plugins for Editor in 0.00 ms.
Mono: successfully reloaded assembly
- Completed reload, in  1.241 seconds
Platform modules already initialized, skipping
Refreshing native plugins compatible for Editor in 0.43 ms, found 3 plugins.
Preloading 0 native plugins for Editor in 0.00 ms.
Unloading 2076 Unused Serialized files (Serialized files now loaded: 0)
System memory in use before: 95.9 MB.
System memory in use after: 96.0 MB.

Unloading 16 unused Assets to reduce memory usage. Loaded Objects now: 2653.
Total: 2.133300 ms (FindLiveObjects: 0.190900 ms CreateObjectMapping: 0.084600 ms MarkObjects: 1.811000 ms  DeleteObjects: 0.045600 ms)

========================================================================
Received Prepare
Registering precompiled user dll's ...
Registered in 0.004670 seconds.
Begin MonoManager ReloadAssembly
Native extension for WindowsStandalone target not found
Native extension for WebGL target not found
Refreshing native plugins compatible for Editor in 0.59 ms, found 3 plugins.
Preloading 0 native plugins for Editor in 0.00 ms.
Mono: successfully reloaded assembly
- Completed reload, in  1.322 seconds
Platform modules already initialized, skipping
Refreshing native plugins compatible for Editor in 0.43 ms, found 3 plugins.
Preloading 0 native plugins for Editor in 0.00 ms.
Unloading 2076 Unused Serialized files (Serialized files now loaded: 0)
System memory in use before: 95.9 MB.
System memory in use after: 96.0 MB.

Unloading 16 unused Assets to reduce memory usage. Loaded Objects now: 2657.
Total: 2.454000 ms (FindLiveObjects: 0.274500 ms CreateObjectMapping: 0.075100 ms MarkObjects: 2.071500 ms  DeleteObjects: 0.032200 ms)

========================================================================
Received Import Request.
  Time since last request: 329.413068 seconds.
  path: Assets/Scripts/PhoneScript.cs
  artifactKey: Guid(ffac3b99edd143043a7cc6f9cbee7fa3) Importer(815301076,1909f56bfc062723c751e8b465ee728b)
Start importing Assets/Scripts/PhoneScript.cs using Guid(ffac3b99edd143043a7cc6f9cbee7fa3) Importer(815301076,1909f56bfc062723c751e8b465ee728b)  -> (artifact id: '6df0922e081af4a7cc430dd4dc611ac1') in 0.020214 seconds
  Import took 0.023841 seconds .

========================================================================
Received Import Request.
  Time since last request: 6.629008 seconds.
  path: Assets/Scripts/DeskScript.cs
  artifactKey: Guid(c4a6edd71fda5034aa43cecd4a4e40df) Importer(815301076,1909f56bfc062723c751e8b465ee728b)
Start importing Assets/Scripts/DeskScript.cs using Guid(c4a6edd71fda5034aa43cecd4a4e40df) Importer(815301076,1909f56bfc062723c751e8b465ee728b)  -> (artifact id: '58dc211abba1675322454b775ea6d00a') in 0.027038 seconds
  Import took 0.033262 seconds .

========================================================================
Received Prepare
Registering precompiled user dll's ...
Registered in 0.004331 seconds.
Begin MonoManager ReloadAssembly
Native extension for WindowsStandalone target not found
Native extension for WebGL target not found
Refreshing native plugins compatible for Editor in 0.43 ms, found 3 plugins.
Preloading 0 native plugins for Editor in 0.00 ms.
Mono: successfully reloaded assembly
- Completed reload, in  1.109 seconds
Platform modules already initialized, skipping
Refreshing native plugins compatible for Editor in 0.46 ms, found 3 plugins.
Preloading 0 native plugins for Editor in 0.00 ms.
Unloading 2077 Unused Serialized files (Serialized files now loaded: 0)
System memory in use before: 95.9 MB.
System memory in use after: 96.0 MB.

Unloading 16 unused Assets to reduce memory usage. Loaded Objects now: 2662.
Total: 2.042800 ms (FindLiveObjects: 0.199700 ms CreateObjectMapping: 0.075200 ms MarkObjects: 1.721600 ms  DeleteObjects: 0.045200 ms)

